<?xml version="1.0" encoding="UTF-8"?>
<!-- Generated by org.testng.reporters.JUnitReportReporter -->
<testsuite hostname="nadsoft34" name="com.javacodegeeks.testng.maven.mavendemo.NewTest" tests="1" failures="0" timestamp="19 Sep 2018 07:13:44 GMT" time="2.040" errors="0">
  <testcase name="actions" time="2.040" classname="com.javacodegeeks.testng.maven.mavendemo.NewTest"/>
</testsuite> <!-- com.javacodegeeks.testng.maven.mavendemo.NewTest -->
