<?xml version="1.0" encoding="UTF-8"?>
<!-- Generated by org.testng.reporters.JUnitReportReporter -->
<testsuite hostname="nadsoft34" name="com.javacodegeeks.testng.maven.mavendemo.NewTest" tests="1" failures="0" timestamp="13 Sep 2018 11:57:03 GMT" time="2.019" errors="0">
  <testcase name="actions" time="2.019" classname="com.javacodegeeks.testng.maven.mavendemo.NewTest"/>
</testsuite> <!-- com.javacodegeeks.testng.maven.mavendemo.NewTest -->
